[2016-01-17 19:23:53] START
[2016-01-17 19:27:38] EDIT blink_led/controllers/default.py: 1
[2016-01-17 19:28:07] EDIT blink_led/controllers/default.py: 0
[2016-01-17 19:28:34] EDIT blink_led/controllers/default.py: 0
[2016-01-17 19:40:44] EDIT blink_led/controllers/default.py: 0
[2016-01-17 20:45:46] EDIT blink_led/controllers/default.py: 3
[2016-01-17 20:45:58] EDIT blink_led/controllers/default.py: 0
[2016-01-17 20:47:46] EDIT blink_led/controllers/default.py: 0
[2016-01-17 21:36:05] EDIT blink_led/controllers/default.py: 3
[2016-01-17 21:41:13] EDIT blink_led/controllers/default.py: 0
[2016-01-17 21:45:59] EDIT blink_led/controllers/default.py: 2
[2016-01-17 21:47:29] EDIT blink_led/controllers/default.py: 0
[2016-01-17 22:00:01] EDIT blink_led/controllers/default.py: 4
[2016-01-17 22:00:36] EDIT blink_led/controllers/default.py: 0
[2016-01-17 22:03:08] EDIT blink_led/controllers/default.py: 0
[2016-01-17 22:36:31] EDIT blink_led/controllers/default.py: 7
[2016-01-17 22:40:20] EDIT blink_led/controllers/default.py: 3
[2016-01-17 22:42:30] EDIT blink_led/controllers/default.py: 0
[2016-01-17 22:43:51] EDIT blink_led/controllers/default.py: 0
[2016-01-17 22:49:56] EDIT blink_led/controllers/default.py: -4
[2016-01-17 22:51:27] EDIT blink_led/controllers/default.py: 2
[2016-01-17 22:54:14] EDIT blink_led/controllers/default.py: 0
[2016-01-17 23:06:49] EDIT blink_led/controllers/default.py: 3
[2016-01-17 23:07:15] EDIT blink_led/controllers/default.py: 0
[2016-01-17 23:07:48] EDIT blink_led/controllers/default.py: 1
[2016-01-17 23:13:42] EDIT blink_led/controllers/default.py: 0
[2016-01-17 23:14:53] EDIT blink_led/controllers/default.py: 0
[2016-01-17 23:15:13] EDIT blink_led/controllers/default.py: 0
[2016-01-18 00:00:39] EDIT blink_led/controllers/default.py: 1
[2016-01-18 05:23:50] EDIT blink_led/controllers/default.py: 0
[2016-01-18 05:24:58] EDIT blink_led/controllers/default.py: 0
[2016-01-18 05:27:02] EDIT blink_led/controllers/default.py: 0
[2016-01-18 05:27:32] EDIT blink_led/controllers/default.py: 0
[2016-01-18 05:46:14] EDIT blink_led/controllers/default.py: 0
[2016-01-18 05:48:55] EDIT blink_led/views/default/index.html: -39
[2016-01-18 05:49:08] EDIT blink_led/views/default/index.html: 0
[2016-01-18 05:50:35] EDIT blink_led/controllers/default.py: -8
[2016-01-18 05:50:54] EDIT blink_led/controllers/default.py: 0
[2016-01-18 05:52:43] EDIT blink_led/controllers/default.py: 0
[2016-01-18 05:54:43] EDIT blink_led/views/default/index.html: 3
[2016-01-18 05:55:00] EDIT blink_led/views/default/index.html: 0
[2016-01-18 05:55:12] EDIT blink_led/views/default/index.html: 0
[2016-01-18 05:56:10] EDIT blink_led/views/default/index.html: 2
